<?xml version="1.0" encoding="UTF-8"?>
<!-- Generated by org.testng.reporters.JUnitReportReporter -->
<testsuite hostname="Prudhvi" failures="0" tests="1" name="test.TestNG_GoogleSearch" time="7.634" errors="0" timestamp="2021-10-07T15:41:20 IST" skipped="0">
  <testcase classname="test.TestNG_GoogleSearch" name="googleSearch" time="7.634"/>
  <system-out/>
</testsuite> <!-- test.TestNG_GoogleSearch -->
