<?xml version="1.0" encoding="UTF-8"?>
<!-- Generated by org.testng.reporters.JUnitReportReporter -->
<testsuite hostname="Prudhvi" failures="0" tests="4" name="demo.TestNGDependencyDemo" time="0.113" errors="0" timestamp="2021-10-08T19:10:34 IST" skipped="0">
  <testcase classname="demo.TestNGDependencyDemo" name="test3" time="0.016"/>
  <system-out/>
  <testcase classname="demo.TestNGDependencyDemo" name="test1" time="0.004"/>
  <system-out/>
  <testcase classname="demo.TestNGDependencyDemo" name="test2" time="0.071"/>
  <system-out/>
  <testcase classname="demo.TestNGDependencyDemo" name="test4" time="0.022"/>
  <system-out/>
</testsuite> <!-- demo.TestNGDependencyDemo -->
