<?xml version="1.0" encoding="UTF-8"?>
<!-- Generated by org.testng.reporters.JUnitReportReporter -->
<testsuite hostname="Prudhvi" failures="0" tests="1" name="test.ExtentReportDemoWithTestNG" time="2.367" errors="0" timestamp="2021-10-07T10:29:45 IST" skipped="0">
  <testcase classname="test.ExtentReportDemoWithTestNG" name="test1" time="2.367"/>
  <system-out/>
</testsuite> <!-- test.ExtentReportDemoWithTestNG -->
