<?xml version="1.0" encoding="UTF-8"?>
<!-- Generated by org.testng.reporters.JUnitReportReporter -->
<testsuite hostname="Prudhvi" failures="0" tests="1" name="demo.TestNGGroupsDemo" time="0.131" errors="0" timestamp="2021-10-08T18:14:02 IST" skipped="0">
  <testcase classname="demo.TestNGGroupsDemo" name="test2" time="0.131"/>
  <system-out/>
</testsuite> <!-- demo.TestNGGroupsDemo -->
