<?xml version="1.0" encoding="UTF-8"?>
<!-- Generated by org.testng.reporters.JUnitReportReporter -->
<testsuite hostname="Prudhvi" failures="0" tests="1" name="demo.TesstNGParametersDemo" time="0.038" errors="0" timestamp="2021-10-08T18:58:20 IST" skipped="0">
  <testcase classname="demo.TesstNGParametersDemo" name="test" time="0.038"/>
  <system-out/>
</testsuite> <!-- demo.TesstNGParametersDemo -->
