<?xml version="1.0" encoding="UTF-8"?>
<!-- Generated by org.testng.reporters.JUnitReportReporter -->
<testsuite hostname="Prudhvi" failures="0" tests="1" name="utils.ExcelDataProvider" time="0.098" errors="0" timestamp="2021-10-08T12:39:26 IST" skipped="0">
  <testcase classname="utils.ExcelDataProvider" name="test1" time="0.098"/>
  <system-out/>
</testsuite> <!-- utils.ExcelDataProvider -->
