<?xml version="1.0" encoding="UTF-8"?>
<!-- Generated by org.testng.reporters.JUnitReportReporter -->
<testsuite hostname="Prudhvi" failures="0" tests="1" name="test.TestNGMultiBrowserDemo" time="19.226" errors="0" timestamp="2021-10-08T17:39:35 IST" skipped="0">
  <testcase classname="test.TestNGMultiBrowserDemo" name="test1" time="19.226"/>
  <system-out/>
</testsuite> <!-- test.TestNGMultiBrowserDemo -->
